[2024-04-22_19:41:47]: [INFO] Fetching the Movie details 1011985
[2024-04-22_19:41:47]: [DEBUG] Fetched the Movie details for 1011985 from the database, Successfully
[2024-04-22_19:42:13]:  [INFO] Fetching the Movie details 1011985
[2024-04-22_19:42:13]:  [DEBUG] Fetched the Movie details for 1011985 from the database, Successfully
[2024-04-22_19:42:40]: ]INFO] Fetching the Movie details 1011985
[2024-04-22_19:42:40]: ]DEBUG] Fetched the Movie details for 1011985 from the database, Successfully
[2024-04-22_19:43:47] [INFO] Fetching the Movie details 1011985
[2024-04-22_19:43:47] [DEBUG] Fetched the Movie details for 1011985 from the database, Successfully
[2024-04-22_19:46:43] [INFO] Fetching the Movie details 1011985
[2024-04-22_19:46:43] [DEBUG] Fetched the Movie details for 1011985 from the database, Successfully
[2024-04-22_19:46:43] [INFO] Fetching the Movie details 1011985
[2024-04-22_19:46:43] [DEBUG] Fetched the Movie details for 1011985 from the database, Successfully
[2024-04-22_19:46:44] [INFO] Fetching the Movie details 1011985
[2024-04-22_19:46:44] [DEBUG] Fetched the Movie details for 1011985 from the database, Successfully
[2024-04-22_19:46:44] [INFO] Fetching the Movie details 1011985
[2024-04-22_19:46:44] [DEBUG] Fetched the Movie details for 1011985 from the database, Successfully
[2024-04-22_19:46:45] [INFO] Fetching the Movie details 1011985
[2024-04-22_19:46:45] [DEBUG] Fetched the Movie details for 1011985 from the database, Successfully
[2024-04-22_19:46:45] [INFO] Fetching the Movie details 1011985
[2024-04-22_19:46:45] [DEBUG] Fetched the Movie details for 1011985 from the database, Successfully
[2024-04-22_19:48:22] [WARN] Fetching the Movie details 1011985
[2024-04-22_19:48:22] [DEBUG] Fetched the Movie details for 1011985 from the database, Successfully
