[2024-04-22_16:28:48]: [DEBUG] Fetching the Movie details 1011985
[2024-04-22_16:28:49]: [DEBUG] Fetched the Movie details for 1011985 from the database, Successfully
[2024-04-22_16:28:58]: [DEBUG] Fetching the Movie details 1011985
[2024-04-22_16:28:58]: [DEBUG] Fetched the Movie details for 1011985 from the database, Successfully
[2024-04-22_16:28:59]: [DEBUG] Fetching the Movie details 1011985
[2024-04-22_16:28:59]: [DEBUG] Fetched the Movie details for 1011985 from the database, Successfully
[2024-04-22_16:29:00]: [DEBUG] Fetching the Movie details 1011985
[2024-04-22_16:29:00]: [DEBUG] Fetched the Movie details for 1011985 from the database, Successfully
[2024-04-22_16:29:00]: [DEBUG] Fetching the Movie details 1011985
[2024-04-22_16:29:00]: [DEBUG] Fetched the Movie details for 1011985 from the database, Successfully
[2024-04-22_16:29:01]: [DEBUG] Fetching the Movie details 1011985
[2024-04-22_16:29:01]: [DEBUG] Fetched the Movie details for 1011985 from the database, Successfully
[2024-04-22_16:29:01]: [DEBUG] Fetching the Movie details 1011985
[2024-04-22_16:29:01]: [DEBUG] Fetched the Movie details for 1011985 from the database, Successfully
[2024-04-22_16:29:02]: [DEBUG] Fetching the Movie details 1011985
[2024-04-22_16:29:02]: [DEBUG] Fetched the Movie details for 1011985 from the database, Successfully
[2024-04-22_16:29:02]: [DEBUG] Fetching the Movie details 1011985
[2024-04-22_16:29:02]: [DEBUG] Fetched the Movie details for 1011985 from the database, Successfully
[2024-04-22_16:29:03]: [DEBUG] Fetching the Movie details 1011985
[2024-04-22_16:29:03]: [DEBUG] Fetched the Movie details for 1011985 from the database, Successfully
[2024-04-22_16:29:03]: [DEBUG] Fetching the Movie details 1011985
[2024-04-22_16:29:03]: [DEBUG] Fetched the Movie details for 1011985 from the database, Successfully
[2024-04-22_16:29:04]: [DEBUG] Fetching the Movie details 1011985
[2024-04-22_16:29:04]: [DEBUG] Fetched the Movie details for 1011985 from the database, Successfully
[2024-04-22_16:29:04]: [DEBUG] Fetching the Movie details 1011985
[2024-04-22_16:29:04]: [DEBUG] Fetched the Movie details for 1011985 from the database, Successfully
[2024-04-22_16:29:05]: [DEBUG] Fetching the Movie details 1011985
[2024-04-22_16:29:05]: [DEBUG] Fetched the Movie details for 1011985 from the database, Successfully
[2024-04-22_16:29:05]: [DEBUG] Fetching the Movie details 1011985
[2024-04-22_16:29:05]: [DEBUG] Fetched the Movie details for 1011985 from the database, Successfully
[2024-04-22_16:29:05]: [DEBUG] Fetching the Movie details 1011985
[2024-04-22_16:29:05]: [DEBUG] Fetched the Movie details for 1011985 from the database, Successfully
[2024-04-22_16:29:06]: [DEBUG] Fetching the Movie details 1011985
[2024-04-22_16:29:06]: [DEBUG] Fetched the Movie details for 1011985 from the database, Successfully
[2024-04-22_16:29:06]: [DEBUG] Fetching the Movie details 1011985
[2024-04-22_16:29:06]: [DEBUG] Fetched the Movie details for 1011985 from the database, Successfully
[2024-04-22_16:29:07]: [DEBUG] Fetching the Movie details 1011985
[2024-04-22_16:29:07]: [DEBUG] Fetched the Movie details for 1011985 from the database, Successfully
[2024-04-22_16:29:07]: [DEBUG] Fetching the Movie details 1011985
[2024-04-22_16:29:07]: [DEBUG] Fetched the Movie details for 1011985 from the database, Successfully
[2024-04-22_16:29:08]: [DEBUG] Fetching the Movie details 1011985
[2024-04-22_16:29:08]: [DEBUG] Fetched the Movie details for 1011985 from the database, Successfully
[2024-04-22_16:29:53]: [DEBUG] Fetching the Movie details 278
[2024-04-22_16:29:54]: [DEBUG] Attemtping to save the entity CineSync.Data.Models.Movie
[2024-04-22_16:29:54]: [DEBUG] Fetched the Movie details for 278 from the API, Successfully
[2024-04-22_16:30:17]: [DEBUG] Fetching the Movie details 278
[2024-04-22_16:30:17]: [DEBUG] Fetched the Movie details for 278 from the database, Successfully
[2024-04-22_16:30:23]: [DEBUG] Fetching the Movie details 1011985
[2024-04-22_16:30:23]: [DEBUG] Fetched the Movie details for 1011985 from the database, Successfully
[2024-04-22_16:37:24]: [DEBUG] Fetching the Movie details 1011985
[2024-04-22_16:37:24]: [DEBUG] Fetched the Movie details for 1011985 from the database, Successfully
[2024-04-22_16:37:25]: [DEBUG] Fetching the Movie details 1011985
[2024-04-22_16:37:25]: [DEBUG] Fetched the Movie details for 1011985 from the database, Successfully
[2024-04-22_16:37:25]: [DEBUG] Fetching the Movie details 1011985
[2024-04-22_16:37:25]: [DEBUG] Fetched the Movie details for 1011985 from the database, Successfully
[2024-04-22_16:37:27]: [DEBUG] Fetching the Movie details 1011985
[2024-04-22_16:37:27]: [DEBUG] Fetched the Movie details for 1011985 from the database, Successfully
[2024-04-22_16:37:34]: [DEBUG] Fetching the Movie details 1011983
[2024-04-22_16:37:34]: [ERROR] Exception thrown in CineSync.Utils.Adapters.ApiAdapters.MovieDetailsAdapter+<FromJson>d__3.MoveNext: Object reference not set to an instance of an object.
[2024-04-22_16:38:51]: [DEBUG] Fetching the Movie details 240
[2024-04-22_16:38:52]: [DEBUG] Attemtping to save the entity CineSync.Data.Models.Movie to the database
[2024-04-22_16:38:52]: [DEBUG] Saved entity CineSync.Data.Models.Movie successfully to the database
[2024-04-22_16:38:52]: [DEBUG] Fetched the Movie details for 240 from the API, Successfully
[2024-04-22_16:39:13]: [DEBUG] Fetching the Movie details 1011985
[2024-04-22_16:39:13]: [DEBUG] Fetched the Movie details for 1011985 from the database, Successfully
[2024-04-22_16:45:43]: [DEBUG] Fetching the Movie details 1011985
[2024-04-22_16:45:43]: [DEBUG] Fetched the Movie details for 1011985 from the database, Successfully
[2024-04-22_16:45:45]: [DEBUG] Fetching the Movie details 1011985
[2024-04-22_16:45:45]: [DEBUG] Fetched the Movie details for 1011985 from the database, Successfully
[2024-04-22_16:45:46]: [DEBUG] Fetching the Movie details 1011985
[2024-04-22_16:45:46]: [DEBUG] Fetched the Movie details for 1011985 from the database, Successfully
[2024-04-22_16:45:46]: [DEBUG] Fetching the Movie details 1011985
[2024-04-22_16:45:46]: [DEBUG] Fetched the Movie details for 1011985 from the database, Successfully
[2024-04-22_16:45:47]: [DEBUG] Fetching the Movie details 1011985
[2024-04-22_16:45:47]: [DEBUG] Fetched the Movie details for 1011985 from the database, Successfully
[2024-04-22_16:45:47]: [DEBUG] Fetching the Movie details 1011985
[2024-04-22_16:45:47]: [DEBUG] Fetched the Movie details for 1011985 from the database, Successfully
[2024-04-22_16:45:48]: [DEBUG] Fetching the Movie details 1011985
[2024-04-22_16:45:48]: [DEBUG] Fetched the Movie details for 1011985 from the database, Successfully
[2024-04-22_16:50:37]: [DEBUG] Fetching the Movie details 1011985
[2024-04-22_16:50:37]: [DEBUG] Fetched the Movie details for 1011985 from the database, Successfully
[2024-04-22_16:51:15]: [DEBUG] Fetching the Movie details 424
[2024-04-22_16:51:15]: [DEBUG] Attemtping to save the entity CineSync.Data.Models.Movie to the database
[2024-04-22_16:51:15]: [DEBUG] Saved entity CineSync.Data.Models.Movie successfully to the database
[2024-04-22_16:51:15]: [DEBUG] Fetched the Movie details for 424 from the API, Successfully
[2024-04-22_16:51:30]: [DEBUG] Fetching the Movie details 1011985
[2024-04-22_16:51:30]: [DEBUG] Fetched the Movie details for 1011985 from the database, Successfully
